2012/10/04 23:44:14 - NOTE : Start Processing Annotations
2012/10/04 23:44:14 - NOTE : Processing [public void testOnCreateInitialHeartCount0() throws java.lang.Exception]
2012/10/04 23:44:14 - NOTE : Adding Class to Mocking List: si.heartchecker.HeartLogDAO
2012/10/04 23:44:14 - NOTE : Found 1 classes to mock
2012/10/04 23:44:14 - NOTE : Creating mocks of class: si.heartchecker.HeartLogDAO
2012/10/04 23:44:14 - ERROR : Could not find si.heartchecker.HeartLogDAO
2012/10/04 23:44:14 - ERROR : java.lang.NoClassDefFoundError: android/database/sqlite/SQLiteOpenHelper
	at java.lang.ClassLoader.defineClass1(Native Method)
	at java.lang.ClassLoader.defineClass(ClassLoader.java:791)
	at java.security.SecureClassLoader.defineClass(SecureClassLoader.java:142)
	at java.net.URLClassLoader.defineClass(URLClassLoader.java:449)
	at java.net.URLClassLoader.access$100(URLClassLoader.java:71)
	at java.net.URLClassLoader$1.run(URLClassLoader.java:361)
	at java.net.URLClassLoader$1.run(URLClassLoader.java:355)
	at java.security.AccessController.doPrivileged(Native Method)
	at java.net.URLClassLoader.findClass(URLClassLoader.java:354)
	at java.lang.ClassLoader.loadClass(ClassLoader.java:423)
	at java.lang.ClassLoader.loadClass(ClassLoader.java:356)
	at java.lang.Class.getDeclaredConstructors0(Native Method)
	at java.lang.Class.privateGetDeclaredConstructors(Class.java:2404)
	at java.lang.Class.getDeclaredConstructors(Class.java:1853)
	at com.google.android.testing.mocking.AndroidMockGenerator.containsUsableConstructor(AndroidMockGenerator.java:134)
	at com.google.android.testing.mocking.AndroidMockGenerator.classIsSupportedType(AndroidMockGenerator.java:145)
	at com.google.android.testing.mocking.AndroidMockGenerator.createMocksForClass(AndroidMockGenerator.java:93)
	at com.google.android.testing.mocking.AndroidMockGenerator.createMocksForClass(AndroidMockGenerator.java:88)
	at com.google.android.testing.mocking.UsesMocksProcessor.createMocksForClass(UsesMocksProcessor.java:229)
	at com.google.android.testing.mocking.UsesMocksProcessor.getClassMocks(UsesMocksProcessor.java:207)
	at com.google.android.testing.mocking.UsesMocksProcessor.getMocksFor(UsesMocksProcessor.java:110)
	at com.google.android.testing.mocking.UsesMocksProcessor.process(UsesMocksProcessor.java:87)
	at org.eclipse.jdt.internal.compiler.apt.dispatch.RoundDispatcher.handleProcessor(RoundDispatcher.java:139)
	at org.eclipse.jdt.internal.compiler.apt.dispatch.RoundDispatcher.round(RoundDispatcher.java:121)
	at org.eclipse.jdt.internal.compiler.apt.dispatch.BaseAnnotationProcessorManager.processAnnotations(BaseAnnotationProcessorManager.java:159)
	at org.eclipse.jdt.internal.apt.pluggable.core.dispatch.IdeAnnotationProcessorManager.processAnnotations(IdeAnnotationProcessorManager.java:134)
	at org.eclipse.jdt.internal.compiler.Compiler.processAnnotations(Compiler.java:820)
	at org.eclipse.jdt.internal.compiler.Compiler.compile(Compiler.java:434)
	at org.eclipse.jdt.internal.core.builder.AbstractImageBuilder.compile(AbstractImageBuilder.java:365)
	at org.eclipse.jdt.internal.core.builder.BatchImageBuilder.compile(BatchImageBuilder.java:178)
	at org.eclipse.jdt.internal.core.builder.AbstractImageBuilder.compile(AbstractImageBuilder.java:302)
	at org.eclipse.jdt.internal.core.builder.BatchImageBuilder.build(BatchImageBuilder.java:60)
	at org.eclipse.jdt.internal.core.builder.JavaBuilder.buildAll(JavaBuilder.java:254)
	at org.eclipse.jdt.internal.core.builder.JavaBuilder.build(JavaBuilder.java:173)
	at org.eclipse.core.internal.events.BuildManager$2.run(BuildManager.java:728)
	at org.eclipse.core.runtime.SafeRunner.run(SafeRunner.java:42)
	at org.eclipse.core.internal.events.BuildManager.basicBuild(BuildManager.java:199)
	at org.eclipse.core.internal.events.BuildManager.basicBuild(BuildManager.java:239)
	at org.eclipse.core.internal.events.BuildManager$1.run(BuildManager.java:292)
	at org.eclipse.core.runtime.SafeRunner.run(SafeRunner.java:42)
	at org.eclipse.core.internal.events.BuildManager.basicBuild(BuildManager.java:295)
	at org.eclipse.core.internal.events.BuildManager.basicBuild(BuildManager.java:256)
	at org.eclipse.core.internal.events.BuildManager.build(BuildManager.java:394)
	at org.eclipse.core.internal.resources.Project$1.run(Project.java:618)
	at org.eclipse.core.internal.resources.Workspace.run(Workspace.java:2344)
	at org.eclipse.core.internal.resources.Project.internalBuild(Project.java:597)
	at org.eclipse.core.internal.resources.Project.build(Project.java:114)
	at org.eclipse.jdt.internal.ui.util.CoreUtility$BuildJob.run(CoreUtility.java:161)
	at org.eclipse.core.internal.jobs.Worker.run(Worker.java:54)
Caused by: java.lang.ClassNotFoundException: android.database.sqlite.SQLiteOpenHelper
	at java.net.URLClassLoader$1.run(URLClassLoader.java:366)
	at java.net.URLClassLoader$1.run(URLClassLoader.java:355)
	at java.security.AccessController.doPrivileged(Native Method)
	at java.net.URLClassLoader.findClass(URLClassLoader.java:354)
	at java.lang.ClassLoader.loadClass(ClassLoader.java:423)
	at java.lang.ClassLoader.loadClass(ClassLoader.java:356)
	... 49 more

2012/10/04 23:44:14 - NOTE : Known Classpath: 
2012/10/04 23:44:14 - NOTE : file:/D:/Eclipse/workspace/HeartCheckerTest/lib/AndroidMockGenerator.jar
2012/10/04 23:44:14 - NOTE : file:/D:/Eclipse/workspace/HeartChecker/bin/classes/
2012/10/04 23:44:14 - NOTE : Found 0 mocked classes to save
2012/10/04 23:44:14 - NOTE : Finished Processing Mocks
2012/10/04 23:44:14 - NOTE : Start Processing Annotations
2012/10/04 23:44:14 - NOTE : Processing []
2012/10/04 23:44:14 - NOTE : Found 0 classes to mock
2012/10/04 23:44:14 - NOTE : Found 0 mocked classes to save
2012/10/04 23:44:14 - NOTE : Finished Processing Mocks
2012/10/04 23:55:21 - NOTE : Start Processing Annotations
2012/10/04 23:55:21 - NOTE : Processing [public void testOnCreateInitialHeartCount0() throws java.lang.Exception]
2012/10/04 23:55:21 - NOTE : Adding Class to Mocking List: si.heartchecker.HeartLogDAO
2012/10/04 23:55:21 - NOTE : Found 1 classes to mock
2012/10/04 23:55:21 - NOTE : Creating mocks of class: si.heartchecker.HeartLogDAO
2012/10/04 23:55:21 - ERROR : Could not find si.heartchecker.HeartLogDAO
2012/10/04 23:55:21 - ERROR : java.lang.NoClassDefFoundError: android/database/sqlite/SQLiteOpenHelper
	at java.lang.ClassLoader.defineClass1(Native Method)
	at java.lang.ClassLoader.defineClass(ClassLoader.java:791)
	at java.security.SecureClassLoader.defineClass(SecureClassLoader.java:142)
	at java.net.URLClassLoader.defineClass(URLClassLoader.java:449)
	at java.net.URLClassLoader.access$100(URLClassLoader.java:71)
	at java.net.URLClassLoader$1.run(URLClassLoader.java:361)
	at java.net.URLClassLoader$1.run(URLClassLoader.java:355)
	at java.security.AccessController.doPrivileged(Native Method)
	at java.net.URLClassLoader.findClass(URLClassLoader.java:354)
	at java.lang.ClassLoader.loadClass(ClassLoader.java:423)
	at java.lang.ClassLoader.loadClass(ClassLoader.java:356)
	at java.lang.Class.getDeclaredConstructors0(Native Method)
	at java.lang.Class.privateGetDeclaredConstructors(Class.java:2404)
	at java.lang.Class.getDeclaredConstructors(Class.java:1853)
	at com.google.android.testing.mocking.AndroidMockGenerator.containsUsableConstructor(AndroidMockGenerator.java:134)
	at com.google.android.testing.mocking.AndroidMockGenerator.classIsSupportedType(AndroidMockGenerator.java:145)
	at com.google.android.testing.mocking.AndroidMockGenerator.createMocksForClass(AndroidMockGenerator.java:93)
	at com.google.android.testing.mocking.AndroidMockGenerator.createMocksForClass(AndroidMockGenerator.java:88)
	at com.google.android.testing.mocking.UsesMocksProcessor.createMocksForClass(UsesMocksProcessor.java:229)
	at com.google.android.testing.mocking.UsesMocksProcessor.getClassMocks(UsesMocksProcessor.java:207)
	at com.google.android.testing.mocking.UsesMocksProcessor.getMocksFor(UsesMocksProcessor.java:110)
	at com.google.android.testing.mocking.UsesMocksProcessor.process(UsesMocksProcessor.java:87)
	at org.eclipse.jdt.internal.compiler.apt.dispatch.RoundDispatcher.handleProcessor(RoundDispatcher.java:139)
	at org.eclipse.jdt.internal.compiler.apt.dispatch.RoundDispatcher.round(RoundDispatcher.java:121)
	at org.eclipse.jdt.internal.compiler.apt.dispatch.BaseAnnotationProcessorManager.processAnnotations(BaseAnnotationProcessorManager.java:159)
	at org.eclipse.jdt.internal.apt.pluggable.core.dispatch.IdeAnnotationProcessorManager.processAnnotations(IdeAnnotationProcessorManager.java:134)
	at org.eclipse.jdt.internal.compiler.Compiler.processAnnotations(Compiler.java:820)
	at org.eclipse.jdt.internal.compiler.Compiler.compile(Compiler.java:434)
	at org.eclipse.jdt.internal.core.builder.AbstractImageBuilder.compile(AbstractImageBuilder.java:365)
	at org.eclipse.jdt.internal.core.builder.IncrementalImageBuilder.compile(IncrementalImageBuilder.java:329)
	at org.eclipse.jdt.internal.core.builder.AbstractImageBuilder.compile(AbstractImageBuilder.java:302)
	at org.eclipse.jdt.internal.core.builder.IncrementalImageBuilder.build(IncrementalImageBuilder.java:134)
	at org.eclipse.jdt.internal.core.builder.JavaBuilder.buildDeltas(JavaBuilder.java:265)
	at org.eclipse.jdt.internal.core.builder.JavaBuilder.build(JavaBuilder.java:193)
	at org.eclipse.core.internal.events.BuildManager$2.run(BuildManager.java:728)
	at org.eclipse.core.runtime.SafeRunner.run(SafeRunner.java:42)
	at org.eclipse.core.internal.events.BuildManager.basicBuild(BuildManager.java:199)
	at org.eclipse.core.internal.events.BuildManager.basicBuild(BuildManager.java:239)
	at org.eclipse.core.internal.events.BuildManager$1.run(BuildManager.java:292)
	at org.eclipse.core.runtime.SafeRunner.run(SafeRunner.java:42)
	at org.eclipse.core.internal.events.BuildManager.basicBuild(BuildManager.java:295)
	at org.eclipse.core.internal.events.BuildManager.basicBuildLoop(BuildManager.java:351)
	at org.eclipse.core.internal.events.BuildManager.build(BuildManager.java:374)
	at org.eclipse.core.internal.events.AutoBuildJob.doBuild(AutoBuildJob.java:143)
	at org.eclipse.core.internal.events.AutoBuildJob.run(AutoBuildJob.java:241)
	at org.eclipse.core.internal.jobs.Worker.run(Worker.java:54)
Caused by: java.lang.ClassNotFoundException: android.database.sqlite.SQLiteOpenHelper
	at java.net.URLClassLoader$1.run(URLClassLoader.java:366)
	at java.net.URLClassLoader$1.run(URLClassLoader.java:355)
	at java.security.AccessController.doPrivileged(Native Method)
	at java.net.URLClassLoader.findClass(URLClassLoader.java:354)
	at java.lang.ClassLoader.loadClass(ClassLoader.java:423)
	at java.lang.ClassLoader.loadClass(ClassLoader.java:356)
	... 46 more

2012/10/04 23:55:21 - NOTE : Known Classpath: 
2012/10/04 23:55:21 - NOTE : file:/D:/Eclipse/workspace/HeartCheckerTest/lib/AndroidMockGenerator.jar
2012/10/04 23:55:21 - NOTE : file:/D:/Eclipse/workspace/HeartChecker/bin/classes/
2012/10/04 23:55:21 - NOTE : Found 0 mocked classes to save
2012/10/04 23:55:21 - NOTE : Finished Processing Mocks
2012/10/04 23:55:21 - NOTE : Start Processing Annotations
2012/10/04 23:55:21 - NOTE : Processing []
2012/10/04 23:55:21 - NOTE : Found 0 classes to mock
2012/10/04 23:55:21 - NOTE : Found 0 mocked classes to save
2012/10/04 23:55:21 - NOTE : Finished Processing Mocks
2012/10/04 23:55:39 - NOTE : Start Processing Annotations
2012/10/04 23:55:39 - NOTE : Processing [public void testOnCreateInitialHeartCount0() throws java.lang.Exception]
2012/10/04 23:55:39 - NOTE : Adding Class to Mocking List: si.heartchecker.HeartLogDAO
2012/10/04 23:55:39 - NOTE : Found 1 classes to mock
2012/10/04 23:55:39 - NOTE : Creating mocks of class: si.heartchecker.HeartLogDAO
2012/10/04 23:55:39 - ERROR : Could not find si.heartchecker.HeartLogDAO
2012/10/04 23:55:39 - ERROR : java.lang.NoClassDefFoundError: android/database/sqlite/SQLiteOpenHelper
	at java.lang.ClassLoader.defineClass1(Native Method)
	at java.lang.ClassLoader.defineClass(ClassLoader.java:791)
	at java.security.SecureClassLoader.defineClass(SecureClassLoader.java:142)
	at java.net.URLClassLoader.defineClass(URLClassLoader.java:449)
	at java.net.URLClassLoader.access$100(URLClassLoader.java:71)
	at java.net.URLClassLoader$1.run(URLClassLoader.java:361)
	at java.net.URLClassLoader$1.run(URLClassLoader.java:355)
	at java.security.AccessController.doPrivileged(Native Method)
	at java.net.URLClassLoader.findClass(URLClassLoader.java:354)
	at java.lang.ClassLoader.loadClass(ClassLoader.java:423)
	at java.lang.ClassLoader.loadClass(ClassLoader.java:356)
	at java.lang.Class.getDeclaredConstructors0(Native Method)
	at java.lang.Class.privateGetDeclaredConstructors(Class.java:2404)
	at java.lang.Class.getDeclaredConstructors(Class.java:1853)
	at com.google.android.testing.mocking.AndroidMockGenerator.containsUsableConstructor(AndroidMockGenerator.java:134)
	at com.google.android.testing.mocking.AndroidMockGenerator.classIsSupportedType(AndroidMockGenerator.java:145)
	at com.google.android.testing.mocking.AndroidMockGenerator.createMocksForClass(AndroidMockGenerator.java:93)
	at com.google.android.testing.mocking.AndroidMockGenerator.createMocksForClass(AndroidMockGenerator.java:88)
	at com.google.android.testing.mocking.UsesMocksProcessor.createMocksForClass(UsesMocksProcessor.java:229)
	at com.google.android.testing.mocking.UsesMocksProcessor.getClassMocks(UsesMocksProcessor.java:207)
	at com.google.android.testing.mocking.UsesMocksProcessor.getMocksFor(UsesMocksProcessor.java:110)
	at com.google.android.testing.mocking.UsesMocksProcessor.process(UsesMocksProcessor.java:87)
	at org.eclipse.jdt.internal.compiler.apt.dispatch.RoundDispatcher.handleProcessor(RoundDispatcher.java:139)
	at org.eclipse.jdt.internal.compiler.apt.dispatch.RoundDispatcher.round(RoundDispatcher.java:121)
	at org.eclipse.jdt.internal.compiler.apt.dispatch.BaseAnnotationProcessorManager.processAnnotations(BaseAnnotationProcessorManager.java:159)
	at org.eclipse.jdt.internal.apt.pluggable.core.dispatch.IdeAnnotationProcessorManager.processAnnotations(IdeAnnotationProcessorManager.java:134)
	at org.eclipse.jdt.internal.compiler.Compiler.processAnnotations(Compiler.java:820)
	at org.eclipse.jdt.internal.compiler.Compiler.compile(Compiler.java:434)
	at org.eclipse.jdt.internal.core.builder.AbstractImageBuilder.compile(AbstractImageBuilder.java:365)
	at org.eclipse.jdt.internal.core.builder.IncrementalImageBuilder.compile(IncrementalImageBuilder.java:329)
	at org.eclipse.jdt.internal.core.builder.AbstractImageBuilder.compile(AbstractImageBuilder.java:302)
	at org.eclipse.jdt.internal.core.builder.IncrementalImageBuilder.build(IncrementalImageBuilder.java:134)
	at org.eclipse.jdt.internal.core.builder.JavaBuilder.buildDeltas(JavaBuilder.java:265)
	at org.eclipse.jdt.internal.core.builder.JavaBuilder.build(JavaBuilder.java:193)
	at org.eclipse.core.internal.events.BuildManager$2.run(BuildManager.java:728)
	at org.eclipse.core.runtime.SafeRunner.run(SafeRunner.java:42)
	at org.eclipse.core.internal.events.BuildManager.basicBuild(BuildManager.java:199)
	at org.eclipse.core.internal.events.BuildManager.basicBuild(BuildManager.java:239)
	at org.eclipse.core.internal.events.BuildManager$1.run(BuildManager.java:292)
	at org.eclipse.core.runtime.SafeRunner.run(SafeRunner.java:42)
	at org.eclipse.core.internal.events.BuildManager.basicBuild(BuildManager.java:295)
	at org.eclipse.core.internal.events.BuildManager.basicBuildLoop(BuildManager.java:351)
	at org.eclipse.core.internal.events.BuildManager.build(BuildManager.java:374)
	at org.eclipse.core.internal.events.AutoBuildJob.doBuild(AutoBuildJob.java:143)
	at org.eclipse.core.internal.events.AutoBuildJob.run(AutoBuildJob.java:241)
	at org.eclipse.core.internal.jobs.Worker.run(Worker.java:54)
Caused by: java.lang.ClassNotFoundException: android.database.sqlite.SQLiteOpenHelper
	at java.net.URLClassLoader$1.run(URLClassLoader.java:366)
	at java.net.URLClassLoader$1.run(URLClassLoader.java:355)
	at java.security.AccessController.doPrivileged(Native Method)
	at java.net.URLClassLoader.findClass(URLClassLoader.java:354)
	at java.lang.ClassLoader.loadClass(ClassLoader.java:423)
	at java.lang.ClassLoader.loadClass(ClassLoader.java:356)
	... 46 more

2012/10/04 23:55:39 - NOTE : Known Classpath: 
2012/10/04 23:55:39 - NOTE : file:/D:/Eclipse/workspace/HeartCheckerTest/lib/AndroidMockGenerator.jar
2012/10/04 23:55:39 - NOTE : file:/D:/Eclipse/workspace/HeartChecker/bin/classes/
2012/10/04 23:55:39 - NOTE : Found 0 mocked classes to save
2012/10/04 23:55:39 - NOTE : Finished Processing Mocks
2012/10/04 23:55:39 - NOTE : Start Processing Annotations
2012/10/04 23:55:39 - NOTE : Processing []
2012/10/04 23:55:39 - NOTE : Found 0 classes to mock
2012/10/04 23:55:39 - NOTE : Found 0 mocked classes to save
2012/10/04 23:55:39 - NOTE : Finished Processing Mocks
2012/10/05 0:02:40 - NOTE : Start Processing Annotations
2012/10/05 0:02:40 - NOTE : Processing [public void testOnCreateInitialHeartCount0() throws java.lang.Exception]
2012/10/05 0:02:40 - NOTE : Adding Class to Mocking List: si.heartchecker.HeartLogDAO
2012/10/05 0:02:40 - NOTE : Found 1 classes to mock
2012/10/05 0:02:40 - NOTE : Creating mocks of class: si.heartchecker.HeartLogDAO
2012/10/05 0:02:40 - ERROR : Could not find si.heartchecker.HeartLogDAO
2012/10/05 0:02:40 - ERROR : java.lang.NoClassDefFoundError: android/database/sqlite/SQLiteOpenHelper
	at java.lang.ClassLoader.defineClass1(Native Method)
	at java.lang.ClassLoader.defineClass(ClassLoader.java:791)
	at java.security.SecureClassLoader.defineClass(SecureClassLoader.java:142)
	at java.net.URLClassLoader.defineClass(URLClassLoader.java:449)
	at java.net.URLClassLoader.access$100(URLClassLoader.java:71)
	at java.net.URLClassLoader$1.run(URLClassLoader.java:361)
	at java.net.URLClassLoader$1.run(URLClassLoader.java:355)
	at java.security.AccessController.doPrivileged(Native Method)
	at java.net.URLClassLoader.findClass(URLClassLoader.java:354)
	at java.lang.ClassLoader.loadClass(ClassLoader.java:423)
	at java.lang.ClassLoader.loadClass(ClassLoader.java:356)
	at java.lang.Class.getDeclaredConstructors0(Native Method)
	at java.lang.Class.privateGetDeclaredConstructors(Class.java:2404)
	at java.lang.Class.getDeclaredConstructors(Class.java:1853)
	at com.google.android.testing.mocking.AndroidMockGenerator.containsUsableConstructor(AndroidMockGenerator.java:134)
	at com.google.android.testing.mocking.AndroidMockGenerator.classIsSupportedType(AndroidMockGenerator.java:145)
	at com.google.android.testing.mocking.AndroidMockGenerator.createMocksForClass(AndroidMockGenerator.java:93)
	at com.google.android.testing.mocking.AndroidMockGenerator.createMocksForClass(AndroidMockGenerator.java:88)
	at com.google.android.testing.mocking.UsesMocksProcessor.createMocksForClass(UsesMocksProcessor.java:229)
	at com.google.android.testing.mocking.UsesMocksProcessor.getClassMocks(UsesMocksProcessor.java:207)
	at com.google.android.testing.mocking.UsesMocksProcessor.getMocksFor(UsesMocksProcessor.java:110)
	at com.google.android.testing.mocking.UsesMocksProcessor.process(UsesMocksProcessor.java:87)
	at org.eclipse.jdt.internal.compiler.apt.dispatch.RoundDispatcher.handleProcessor(RoundDispatcher.java:139)
	at org.eclipse.jdt.internal.compiler.apt.dispatch.RoundDispatcher.round(RoundDispatcher.java:121)
	at org.eclipse.jdt.internal.compiler.apt.dispatch.BaseAnnotationProcessorManager.processAnnotations(BaseAnnotationProcessorManager.java:159)
	at org.eclipse.jdt.internal.apt.pluggable.core.dispatch.IdeAnnotationProcessorManager.processAnnotations(IdeAnnotationProcessorManager.java:134)
	at org.eclipse.jdt.internal.compiler.Compiler.processAnnotations(Compiler.java:820)
	at org.eclipse.jdt.internal.compiler.Compiler.compile(Compiler.java:434)
	at org.eclipse.jdt.internal.core.builder.AbstractImageBuilder.compile(AbstractImageBuilder.java:365)
	at org.eclipse.jdt.internal.core.builder.IncrementalImageBuilder.compile(IncrementalImageBuilder.java:329)
	at org.eclipse.jdt.internal.core.builder.AbstractImageBuilder.compile(AbstractImageBuilder.java:302)
	at org.eclipse.jdt.internal.core.builder.IncrementalImageBuilder.build(IncrementalImageBuilder.java:134)
	at org.eclipse.jdt.internal.core.builder.JavaBuilder.buildDeltas(JavaBuilder.java:265)
	at org.eclipse.jdt.internal.core.builder.JavaBuilder.build(JavaBuilder.java:193)
	at org.eclipse.core.internal.events.BuildManager$2.run(BuildManager.java:728)
	at org.eclipse.core.runtime.SafeRunner.run(SafeRunner.java:42)
	at org.eclipse.core.internal.events.BuildManager.basicBuild(BuildManager.java:199)
	at org.eclipse.core.internal.events.BuildManager.basicBuild(BuildManager.java:239)
	at org.eclipse.core.internal.events.BuildManager$1.run(BuildManager.java:292)
	at org.eclipse.core.runtime.SafeRunner.run(SafeRunner.java:42)
	at org.eclipse.core.internal.events.BuildManager.basicBuild(BuildManager.java:295)
	at org.eclipse.core.internal.events.BuildManager.basicBuildLoop(BuildManager.java:351)
	at org.eclipse.core.internal.events.BuildManager.build(BuildManager.java:374)
	at org.eclipse.core.internal.events.AutoBuildJob.doBuild(AutoBuildJob.java:143)
	at org.eclipse.core.internal.events.AutoBuildJob.run(AutoBuildJob.java:241)
	at org.eclipse.core.internal.jobs.Worker.run(Worker.java:54)
Caused by: java.lang.ClassNotFoundException: android.database.sqlite.SQLiteOpenHelper
	at java.net.URLClassLoader$1.run(URLClassLoader.java:366)
	at java.net.URLClassLoader$1.run(URLClassLoader.java:355)
	at java.security.AccessController.doPrivileged(Native Method)
	at java.net.URLClassLoader.findClass(URLClassLoader.java:354)
	at java.lang.ClassLoader.loadClass(ClassLoader.java:423)
	at java.lang.ClassLoader.loadClass(ClassLoader.java:356)
	... 46 more

2012/10/05 0:02:40 - NOTE : Known Classpath: 
2012/10/05 0:02:40 - NOTE : file:/D:/Eclipse/workspace/HeartCheckerTest/lib/AndroidMockGenerator.jar
2012/10/05 0:02:40 - NOTE : file:/D:/Eclipse/workspace/HeartChecker/bin/classes/
2012/10/05 0:02:40 - NOTE : Found 0 mocked classes to save
2012/10/05 0:02:40 - NOTE : Finished Processing Mocks
2012/10/05 0:02:40 - NOTE : Start Processing Annotations
2012/10/05 0:02:40 - NOTE : Processing []
2012/10/05 0:02:40 - NOTE : Found 0 classes to mock
2012/10/05 0:02:40 - NOTE : Found 0 mocked classes to save
2012/10/05 0:02:40 - NOTE : Finished Processing Mocks
2012/10/05 0:12:43 - NOTE : Start Processing Annotations
2012/10/05 0:12:43 - NOTE : Processing [public void testOnCreateInitialHeartCount0() throws java.lang.Exception]
2012/10/05 0:12:43 - NOTE : Adding Class to Mocking List: si.heartchecker.HeartLogDAO
2012/10/05 0:12:43 - NOTE : Found 1 classes to mock
2012/10/05 0:12:43 - NOTE : Creating mocks of class: si.heartchecker.HeartLogDAO
2012/10/05 0:12:43 - NOTE : Found 2 mocked classes to save
2012/10/05 0:12:43 - NOTE : Saving genmocks.si.heartchecker.HeartLogDAODelegateSubclass
2012/10/05 0:12:43 - NOTE : Saving via Eclipse genmocks.si.heartchecker.HeartLogDAODelegateSubclass
2012/10/05 0:12:43 - NOTE : Saving genmocks.si.heartchecker.HeartLogDAODelegateInterface
2012/10/05 0:12:43 - NOTE : Saving via Eclipse genmocks.si.heartchecker.HeartLogDAODelegateInterface
2012/10/05 0:12:43 - NOTE : Finished Processing Mocks
2012/10/05 0:12:43 - NOTE : Start Processing Annotations
2012/10/05 0:12:43 - NOTE : Processing []
2012/10/05 0:12:43 - NOTE : Found 0 classes to mock
2012/10/05 0:12:43 - NOTE : Found 0 mocked classes to save
2012/10/05 0:12:43 - NOTE : Finished Processing Mocks
2012/10/05 0:17:13 - NOTE : Start Processing Annotations
2012/10/05 0:17:13 - NOTE : Processing [public void testOnCreateInitialHeartCount0() throws java.lang.Exception]
2012/10/05 0:17:13 - NOTE : Adding Class to Mocking List: si.heartchecker.HeartLogDAO
2012/10/05 0:17:13 - NOTE : Found 1 classes to mock
2012/10/05 0:17:13 - NOTE : Creating mocks of class: si.heartchecker.HeartLogDAO
2012/10/05 0:17:13 - NOTE : Found 2 mocked classes to save
2012/10/05 0:17:13 - NOTE : Saving genmocks.si.heartchecker.HeartLogDAODelegateSubclass
2012/10/05 0:17:13 - NOTE : Saving via Eclipse genmocks.si.heartchecker.HeartLogDAODelegateSubclass
2012/10/05 0:17:13 - NOTE : Saving genmocks.si.heartchecker.HeartLogDAODelegateInterface
2012/10/05 0:17:13 - NOTE : Saving via Eclipse genmocks.si.heartchecker.HeartLogDAODelegateInterface
2012/10/05 0:17:13 - NOTE : Finished Processing Mocks
2012/10/05 0:17:13 - NOTE : Start Processing Annotations
2012/10/05 0:17:13 - NOTE : Processing []
2012/10/05 0:17:13 - NOTE : Found 0 classes to mock
2012/10/05 0:17:13 - NOTE : Found 0 mocked classes to save
2012/10/05 0:17:13 - NOTE : Finished Processing Mocks
2012/10/05 0:17:28 - NOTE : Start Processing Annotations
2012/10/05 0:17:28 - NOTE : Processing [public void testOnCreateInitialHeartCount0() throws java.lang.Exception]
2012/10/05 0:17:28 - NOTE : Adding Class to Mocking List: si.heartchecker.HeartLogDAO
2012/10/05 0:17:28 - NOTE : Found 1 classes to mock
2012/10/05 0:17:28 - NOTE : Creating mocks of class: si.heartchecker.HeartLogDAO
2012/10/05 0:17:28 - NOTE : Found 2 mocked classes to save
2012/10/05 0:17:28 - NOTE : Saving genmocks.si.heartchecker.HeartLogDAODelegateSubclass
2012/10/05 0:17:28 - NOTE : Saving via Eclipse genmocks.si.heartchecker.HeartLogDAODelegateSubclass
2012/10/05 0:17:28 - NOTE : Saving genmocks.si.heartchecker.HeartLogDAODelegateInterface
2012/10/05 0:17:28 - NOTE : Saving via Eclipse genmocks.si.heartchecker.HeartLogDAODelegateInterface
2012/10/05 0:17:28 - NOTE : Finished Processing Mocks
2012/10/05 0:17:28 - NOTE : Start Processing Annotations
2012/10/05 0:17:28 - NOTE : Processing []
2012/10/05 0:17:28 - NOTE : Found 0 classes to mock
2012/10/05 0:17:28 - NOTE : Found 0 mocked classes to save
2012/10/05 0:17:28 - NOTE : Finished Processing Mocks
2012/10/05 0:19:59 - NOTE : Start Processing Annotations
2012/10/05 0:19:59 - NOTE : Processing [public void testOnCreateInitialHeartCount0() throws java.lang.Exception]
2012/10/05 0:19:59 - NOTE : Adding Class to Mocking List: si.heartchecker.HeartLogDAO
2012/10/05 0:19:59 - NOTE : Found 1 classes to mock
2012/10/05 0:19:59 - NOTE : Creating mocks of class: si.heartchecker.HeartLogDAO
2012/10/05 0:19:59 - NOTE : Found 2 mocked classes to save
2012/10/05 0:19:59 - NOTE : Saving genmocks.si.heartchecker.HeartLogDAODelegateSubclass
2012/10/05 0:19:59 - NOTE : Saving via Eclipse genmocks.si.heartchecker.HeartLogDAODelegateSubclass
2012/10/05 0:19:59 - NOTE : Saving genmocks.si.heartchecker.HeartLogDAODelegateInterface
2012/10/05 0:19:59 - NOTE : Saving via Eclipse genmocks.si.heartchecker.HeartLogDAODelegateInterface
2012/10/05 0:19:59 - NOTE : Finished Processing Mocks
2012/10/05 0:19:59 - NOTE : Start Processing Annotations
2012/10/05 0:19:59 - NOTE : Processing []
2012/10/05 0:19:59 - NOTE : Found 0 classes to mock
2012/10/05 0:19:59 - NOTE : Found 0 mocked classes to save
2012/10/05 0:19:59 - NOTE : Finished Processing Mocks
2012/10/05 0:33:29 - NOTE : Start Processing Annotations
2012/10/05 0:33:29 - NOTE : Processing [public void testOnCreateInitialHeartCount0() throws java.lang.Exception]
2012/10/05 0:33:29 - NOTE : Adding Class to Mocking List: si.heartchecker.HeartLogDAO
2012/10/05 0:33:29 - NOTE : Found 1 classes to mock
2012/10/05 0:33:29 - NOTE : Creating mocks of class: si.heartchecker.HeartLogDAO
2012/10/05 0:33:29 - NOTE : Found 2 mocked classes to save
2012/10/05 0:33:29 - NOTE : Saving genmocks.si.heartchecker.HeartLogDAODelegateSubclass
2012/10/05 0:33:29 - NOTE : Saving via Eclipse genmocks.si.heartchecker.HeartLogDAODelegateSubclass
2012/10/05 0:33:29 - NOTE : Saving genmocks.si.heartchecker.HeartLogDAODelegateInterface
2012/10/05 0:33:29 - NOTE : Saving via Eclipse genmocks.si.heartchecker.HeartLogDAODelegateInterface
2012/10/05 0:33:29 - NOTE : Finished Processing Mocks
2012/10/05 0:33:29 - NOTE : Start Processing Annotations
2012/10/05 0:33:29 - NOTE : Processing []
2012/10/05 0:33:29 - NOTE : Found 0 classes to mock
2012/10/05 0:33:29 - NOTE : Found 0 mocked classes to save
2012/10/05 0:33:29 - NOTE : Finished Processing Mocks
2012/10/05 0:33:53 - NOTE : Start Processing Annotations
2012/10/05 0:33:53 - NOTE : Processing [public void testOnCreateInitialHeartCount0() throws java.lang.Exception]
2012/10/05 0:33:53 - NOTE : Adding Class to Mocking List: si.heartchecker.HeartLogDAO
2012/10/05 0:33:53 - NOTE : Found 1 classes to mock
2012/10/05 0:33:53 - NOTE : Creating mocks of class: si.heartchecker.HeartLogDAO
2012/10/05 0:33:53 - NOTE : Found 2 mocked classes to save
2012/10/05 0:33:53 - NOTE : Saving genmocks.si.heartchecker.HeartLogDAODelegateSubclass
2012/10/05 0:33:53 - NOTE : Saving via Eclipse genmocks.si.heartchecker.HeartLogDAODelegateSubclass
2012/10/05 0:33:53 - NOTE : Saving genmocks.si.heartchecker.HeartLogDAODelegateInterface
2012/10/05 0:33:53 - NOTE : Saving via Eclipse genmocks.si.heartchecker.HeartLogDAODelegateInterface
2012/10/05 0:33:53 - NOTE : Finished Processing Mocks
2012/10/05 0:33:53 - NOTE : Start Processing Annotations
2012/10/05 0:33:53 - NOTE : Processing []
2012/10/05 0:33:53 - NOTE : Found 0 classes to mock
2012/10/05 0:33:53 - NOTE : Found 0 mocked classes to save
2012/10/05 0:33:53 - NOTE : Finished Processing Mocks
2012/10/05 0:35:49 - NOTE : Start Processing Annotations
2012/10/05 0:35:49 - NOTE : Processing [public void testOnCreateInitialHeartCount0() throws java.lang.Exception]
2012/10/05 0:35:49 - NOTE : Adding Class to Mocking List: si.heartchecker.HeartLogDAO
2012/10/05 0:35:49 - NOTE : Found 1 classes to mock
2012/10/05 0:35:49 - NOTE : Creating mocks of class: si.heartchecker.HeartLogDAO
2012/10/05 0:35:49 - NOTE : Found 2 mocked classes to save
2012/10/05 0:35:49 - NOTE : Saving genmocks.si.heartchecker.HeartLogDAODelegateSubclass
2012/10/05 0:35:49 - NOTE : Saving via Eclipse genmocks.si.heartchecker.HeartLogDAODelegateSubclass
2012/10/05 0:35:49 - NOTE : Saving genmocks.si.heartchecker.HeartLogDAODelegateInterface
2012/10/05 0:35:49 - NOTE : Saving via Eclipse genmocks.si.heartchecker.HeartLogDAODelegateInterface
2012/10/05 0:35:49 - NOTE : Finished Processing Mocks
2012/10/05 0:35:49 - NOTE : Start Processing Annotations
2012/10/05 0:35:49 - NOTE : Processing []
2012/10/05 0:35:49 - NOTE : Found 0 classes to mock
2012/10/05 0:35:49 - NOTE : Found 0 mocked classes to save
2012/10/05 0:35:49 - NOTE : Finished Processing Mocks
2012/10/05 0:55:32 - NOTE : Start Processing Annotations
2012/10/05 0:55:32 - NOTE : Processing [public void testOnCreateInitialHeartCount0() throws java.lang.Exception]
2012/10/05 0:55:32 - NOTE : Adding Class to Mocking List: si.heartchecker.HeartLogDAO
2012/10/05 0:55:32 - NOTE : Found 1 classes to mock
2012/10/05 0:55:32 - NOTE : Creating mocks of class: si.heartchecker.HeartLogDAO
2012/10/05 0:55:32 - NOTE : Found 2 mocked classes to save
2012/10/05 0:55:32 - NOTE : Saving genmocks.si.heartchecker.HeartLogDAODelegateSubclass
2012/10/05 0:55:32 - NOTE : Saving via Eclipse genmocks.si.heartchecker.HeartLogDAODelegateSubclass
2012/10/05 0:55:32 - NOTE : Saving genmocks.si.heartchecker.HeartLogDAODelegateInterface
2012/10/05 0:55:32 - NOTE : Saving via Eclipse genmocks.si.heartchecker.HeartLogDAODelegateInterface
2012/10/05 0:55:32 - NOTE : Finished Processing Mocks
2012/10/05 0:55:32 - NOTE : Start Processing Annotations
2012/10/05 0:55:32 - NOTE : Processing []
2012/10/05 0:55:32 - NOTE : Found 0 classes to mock
2012/10/05 0:55:32 - NOTE : Found 0 mocked classes to save
2012/10/05 0:55:32 - NOTE : Finished Processing Mocks
2012/10/05 0:56:01 - NOTE : Start Processing Annotations
2012/10/05 0:56:01 - NOTE : Processing [public void testOnCreateInitialHeartCount0() throws java.lang.Exception]
2012/10/05 0:56:01 - NOTE : Adding Class to Mocking List: si.heartchecker.HeartLogDAO
2012/10/05 0:56:01 - NOTE : Found 1 classes to mock
2012/10/05 0:56:01 - NOTE : Creating mocks of class: si.heartchecker.HeartLogDAO
2012/10/05 0:56:01 - NOTE : Found 2 mocked classes to save
2012/10/05 0:56:01 - NOTE : Saving genmocks.si.heartchecker.HeartLogDAODelegateSubclass
2012/10/05 0:56:01 - NOTE : Saving via Eclipse genmocks.si.heartchecker.HeartLogDAODelegateSubclass
2012/10/05 0:56:01 - NOTE : Saving genmocks.si.heartchecker.HeartLogDAODelegateInterface
2012/10/05 0:56:01 - NOTE : Saving via Eclipse genmocks.si.heartchecker.HeartLogDAODelegateInterface
2012/10/05 0:56:01 - NOTE : Finished Processing Mocks
2012/10/05 0:56:01 - NOTE : Start Processing Annotations
2012/10/05 0:56:01 - NOTE : Processing []
2012/10/05 0:56:01 - NOTE : Found 0 classes to mock
2012/10/05 0:56:01 - NOTE : Found 0 mocked classes to save
2012/10/05 0:56:01 - NOTE : Finished Processing Mocks
2012/10/05 0:57:03 - NOTE : Start Processing Annotations
2012/10/05 0:57:03 - NOTE : Processing [public void testOnCreateInitialHeartCount0() throws java.lang.Exception]
2012/10/05 0:57:03 - NOTE : Adding Class to Mocking List: si.heartchecker.HeartLogDAO
2012/10/05 0:57:03 - NOTE : Found 1 classes to mock
2012/10/05 0:57:03 - NOTE : Creating mocks of class: si.heartchecker.HeartLogDAO
2012/10/05 0:57:03 - NOTE : Found 2 mocked classes to save
2012/10/05 0:57:03 - NOTE : Saving genmocks.si.heartchecker.HeartLogDAODelegateSubclass
2012/10/05 0:57:04 - NOTE : Saving via Eclipse genmocks.si.heartchecker.HeartLogDAODelegateSubclass
2012/10/05 0:57:04 - NOTE : Saving genmocks.si.heartchecker.HeartLogDAODelegateInterface
2012/10/05 0:57:04 - NOTE : Saving via Eclipse genmocks.si.heartchecker.HeartLogDAODelegateInterface
2012/10/05 0:57:04 - NOTE : Finished Processing Mocks
2012/10/05 0:57:04 - NOTE : Start Processing Annotations
2012/10/05 0:57:04 - NOTE : Processing []
2012/10/05 0:57:04 - NOTE : Found 0 classes to mock
2012/10/05 0:57:04 - NOTE : Found 0 mocked classes to save
2012/10/05 0:57:04 - NOTE : Finished Processing Mocks
2012/10/05 0:57:46 - NOTE : Start Processing Annotations
2012/10/05 0:57:46 - NOTE : Processing [public void testOnCreateInitialHeartCount0() throws java.lang.Exception]
2012/10/05 0:57:46 - NOTE : Adding Class to Mocking List: si.heartchecker.HeartLogDAO
2012/10/05 0:57:46 - NOTE : Found 1 classes to mock
2012/10/05 0:57:46 - NOTE : Creating mocks of class: si.heartchecker.HeartLogDAO
2012/10/05 0:57:46 - NOTE : Found 2 mocked classes to save
2012/10/05 0:57:46 - NOTE : Saving genmocks.si.heartchecker.HeartLogDAODelegateSubclass
2012/10/05 0:57:46 - NOTE : Saving via Eclipse genmocks.si.heartchecker.HeartLogDAODelegateSubclass
2012/10/05 0:57:46 - NOTE : Saving genmocks.si.heartchecker.HeartLogDAODelegateInterface
2012/10/05 0:57:46 - NOTE : Saving via Eclipse genmocks.si.heartchecker.HeartLogDAODelegateInterface
2012/10/05 0:57:46 - NOTE : Finished Processing Mocks
2012/10/05 0:57:46 - NOTE : Start Processing Annotations
2012/10/05 0:57:46 - NOTE : Processing []
2012/10/05 0:57:46 - NOTE : Found 0 classes to mock
2012/10/05 0:57:46 - NOTE : Found 0 mocked classes to save
2012/10/05 0:57:46 - NOTE : Finished Processing Mocks
2012/10/05 0:57:59 - NOTE : Start Processing Annotations
2012/10/05 0:57:59 - NOTE : Processing [public void testOnCreateInitialHeartCount0() throws java.lang.Exception]
2012/10/05 0:57:59 - NOTE : Adding Class to Mocking List: si.heartchecker.HeartLogDAO
2012/10/05 0:57:59 - NOTE : Found 1 classes to mock
2012/10/05 0:57:59 - NOTE : Creating mocks of class: si.heartchecker.HeartLogDAO
2012/10/05 0:57:59 - NOTE : Found 2 mocked classes to save
2012/10/05 0:57:59 - NOTE : Saving genmocks.si.heartchecker.HeartLogDAODelegateSubclass
2012/10/05 0:57:59 - NOTE : Saving via Eclipse genmocks.si.heartchecker.HeartLogDAODelegateSubclass
2012/10/05 0:57:59 - NOTE : Saving genmocks.si.heartchecker.HeartLogDAODelegateInterface
2012/10/05 0:57:59 - NOTE : Saving via Eclipse genmocks.si.heartchecker.HeartLogDAODelegateInterface
2012/10/05 0:57:59 - NOTE : Finished Processing Mocks
2012/10/05 0:57:59 - NOTE : Start Processing Annotations
2012/10/05 0:57:59 - NOTE : Processing []
2012/10/05 0:57:59 - NOTE : Found 0 classes to mock
2012/10/05 0:57:59 - NOTE : Found 0 mocked classes to save
2012/10/05 0:57:59 - NOTE : Finished Processing Mocks
2012/10/05 1:01:52 - NOTE : Start Processing Annotations
2012/10/05 1:01:52 - NOTE : Processing [public void testOnCreateInitialHeartCount0() throws java.lang.Exception]
2012/10/05 1:01:52 - NOTE : Adding Class to Mocking List: si.heartchecker.HeartLogDAO
2012/10/05 1:01:52 - NOTE : Found 1 classes to mock
2012/10/05 1:01:52 - NOTE : Creating mocks of class: si.heartchecker.HeartLogDAO
2012/10/05 1:01:52 - NOTE : Found 2 mocked classes to save
2012/10/05 1:01:52 - NOTE : Saving genmocks.si.heartchecker.HeartLogDAODelegateSubclass
2012/10/05 1:01:52 - NOTE : Saving via Eclipse genmocks.si.heartchecker.HeartLogDAODelegateSubclass
2012/10/05 1:01:52 - NOTE : Saving genmocks.si.heartchecker.HeartLogDAODelegateInterface
2012/10/05 1:01:52 - NOTE : Saving via Eclipse genmocks.si.heartchecker.HeartLogDAODelegateInterface
2012/10/05 1:01:52 - NOTE : Finished Processing Mocks
2012/10/05 1:01:52 - NOTE : Start Processing Annotations
2012/10/05 1:01:52 - NOTE : Processing []
2012/10/05 1:01:52 - NOTE : Found 0 classes to mock
2012/10/05 1:01:52 - NOTE : Found 0 mocked classes to save
2012/10/05 1:01:52 - NOTE : Finished Processing Mocks
2012/10/05 1:04:47 - NOTE : Start Processing Annotations
2012/10/05 1:04:47 - NOTE : Processing [public void testOnCreateInitialHeartCount0() throws java.lang.Exception]
2012/10/05 1:04:47 - NOTE : Adding Class to Mocking List: si.heartchecker.HeartLogDAO
2012/10/05 1:04:47 - NOTE : Found 1 classes to mock
2012/10/05 1:04:47 - NOTE : Creating mocks of class: si.heartchecker.HeartLogDAO
2012/10/05 1:04:47 - NOTE : Found 2 mocked classes to save
2012/10/05 1:04:47 - NOTE : Saving genmocks.si.heartchecker.HeartLogDAODelegateSubclass
2012/10/05 1:04:47 - NOTE : Saving via Eclipse genmocks.si.heartchecker.HeartLogDAODelegateSubclass
2012/10/05 1:04:47 - NOTE : Saving genmocks.si.heartchecker.HeartLogDAODelegateInterface
2012/10/05 1:04:47 - NOTE : Saving via Eclipse genmocks.si.heartchecker.HeartLogDAODelegateInterface
2012/10/05 1:04:47 - NOTE : Finished Processing Mocks
2012/10/05 1:04:47 - NOTE : Start Processing Annotations
2012/10/05 1:04:47 - NOTE : Processing []
2012/10/05 1:04:47 - NOTE : Found 0 classes to mock
2012/10/05 1:04:47 - NOTE : Found 0 mocked classes to save
2012/10/05 1:04:47 - NOTE : Finished Processing Mocks
2012/10/05 1:05:54 - NOTE : Start Processing Annotations
2012/10/05 1:05:54 - NOTE : Processing [public void testOnCreateInitialHeartCount0() throws java.lang.Exception]
2012/10/05 1:05:54 - NOTE : Adding Class to Mocking List: si.heartchecker.HeartLogDAO
2012/10/05 1:05:54 - NOTE : Found 1 classes to mock
2012/10/05 1:05:54 - NOTE : Creating mocks of class: si.heartchecker.HeartLogDAO
2012/10/05 1:05:54 - NOTE : Found 2 mocked classes to save
2012/10/05 1:05:54 - NOTE : Saving genmocks.si.heartchecker.HeartLogDAODelegateSubclass
2012/10/05 1:05:54 - NOTE : Saving via Eclipse genmocks.si.heartchecker.HeartLogDAODelegateSubclass
2012/10/05 1:05:54 - NOTE : Saving genmocks.si.heartchecker.HeartLogDAODelegateInterface
2012/10/05 1:05:54 - NOTE : Saving via Eclipse genmocks.si.heartchecker.HeartLogDAODelegateInterface
2012/10/05 1:05:54 - NOTE : Finished Processing Mocks
2012/10/05 1:05:54 - NOTE : Start Processing Annotations
2012/10/05 1:05:54 - NOTE : Processing []
2012/10/05 1:05:54 - NOTE : Found 0 classes to mock
2012/10/05 1:05:54 - NOTE : Found 0 mocked classes to save
2012/10/05 1:05:54 - NOTE : Finished Processing Mocks
2012/10/05 21:31:16 - NOTE : Start Processing Annotations
2012/10/05 21:31:16 - NOTE : Processing [public void testOnCreateInitialHeartCount0() throws java.lang.Exception]
2012/10/05 21:31:16 - NOTE : Adding Class to Mocking List: si.heartchecker.HeartLogDAO
2012/10/05 21:31:16 - NOTE : Found 1 classes to mock
2012/10/05 21:31:16 - NOTE : Creating mocks of class: si.heartchecker.HeartLogDAO
2012/10/05 21:31:16 - NOTE : Found 2 mocked classes to save
2012/10/05 21:31:16 - NOTE : Saving genmocks.si.heartchecker.HeartLogDAODelegateSubclass
2012/10/05 21:31:16 - NOTE : Saving via Eclipse genmocks.si.heartchecker.HeartLogDAODelegateSubclass
2012/10/05 21:31:16 - NOTE : Saving genmocks.si.heartchecker.HeartLogDAODelegateInterface
2012/10/05 21:31:16 - NOTE : Saving via Eclipse genmocks.si.heartchecker.HeartLogDAODelegateInterface
2012/10/05 21:31:16 - NOTE : Finished Processing Mocks
2012/10/05 21:31:16 - NOTE : Start Processing Annotations
2012/10/05 21:31:16 - NOTE : Processing []
2012/10/05 21:31:16 - NOTE : Found 0 classes to mock
2012/10/05 21:31:16 - NOTE : Found 0 mocked classes to save
2012/10/05 21:31:16 - NOTE : Finished Processing Mocks
2012/10/05 21:36:29 - NOTE : Start Processing Annotations
2012/10/05 21:36:29 - NOTE : Processing [public void testOnCreateInitialHeartCount0() throws java.lang.Exception]
2012/10/05 21:36:29 - NOTE : Adding Class to Mocking List: si.heartchecker.HeartLogDAO
2012/10/05 21:36:29 - NOTE : Found 1 classes to mock
2012/10/05 21:36:29 - NOTE : Creating mocks of class: si.heartchecker.HeartLogDAO
2012/10/05 21:36:29 - NOTE : Found 2 mocked classes to save
2012/10/05 21:36:29 - NOTE : Saving genmocks.si.heartchecker.HeartLogDAODelegateSubclass
2012/10/05 21:36:29 - NOTE : Saving via Eclipse genmocks.si.heartchecker.HeartLogDAODelegateSubclass
2012/10/05 21:36:29 - NOTE : Saving genmocks.si.heartchecker.HeartLogDAODelegateInterface
2012/10/05 21:36:29 - NOTE : Saving via Eclipse genmocks.si.heartchecker.HeartLogDAODelegateInterface
2012/10/05 21:36:29 - NOTE : Finished Processing Mocks
2012/10/05 21:36:29 - NOTE : Start Processing Annotations
2012/10/05 21:36:29 - NOTE : Processing []
2012/10/05 21:36:29 - NOTE : Found 0 classes to mock
2012/10/05 21:36:29 - NOTE : Found 0 mocked classes to save
2012/10/05 21:36:29 - NOTE : Finished Processing Mocks
2012/10/05 21:40:13 - NOTE : Start Processing Annotations
2012/10/05 21:40:13 - NOTE : Processing [public void testOnCreateInitialHeartCount0() throws java.lang.Exception]
2012/10/05 21:40:13 - NOTE : Adding Class to Mocking List: si.heartchecker.HeartLogDAO
2012/10/05 21:40:13 - NOTE : Found 1 classes to mock
2012/10/05 21:40:13 - NOTE : Creating mocks of class: si.heartchecker.HeartLogDAO
2012/10/05 21:40:13 - NOTE : Found 2 mocked classes to save
2012/10/05 21:40:13 - NOTE : Saving genmocks.si.heartchecker.HeartLogDAODelegateSubclass
2012/10/05 21:40:13 - NOTE : Saving via Eclipse genmocks.si.heartchecker.HeartLogDAODelegateSubclass
2012/10/05 21:40:13 - NOTE : Saving genmocks.si.heartchecker.HeartLogDAODelegateInterface
2012/10/05 21:40:13 - NOTE : Saving via Eclipse genmocks.si.heartchecker.HeartLogDAODelegateInterface
2012/10/05 21:40:13 - NOTE : Finished Processing Mocks
2012/10/05 21:40:13 - NOTE : Start Processing Annotations
2012/10/05 21:40:13 - NOTE : Processing []
2012/10/05 21:40:13 - NOTE : Found 0 classes to mock
2012/10/05 21:40:13 - NOTE : Found 0 mocked classes to save
2012/10/05 21:40:13 - NOTE : Finished Processing Mocks
2012/10/05 21:40:46 - NOTE : Start Processing Annotations
2012/10/05 21:40:46 - NOTE : Processing [public void testOnCreateInitialHeartCount0() throws java.lang.Exception]
2012/10/05 21:40:46 - NOTE : Adding Class to Mocking List: si.heartchecker.HeartLogDAO
2012/10/05 21:40:46 - NOTE : Found 1 classes to mock
2012/10/05 21:40:46 - NOTE : Creating mocks of class: si.heartchecker.HeartLogDAO
2012/10/05 21:40:46 - NOTE : Found 2 mocked classes to save
2012/10/05 21:40:46 - NOTE : Saving genmocks.si.heartchecker.HeartLogDAODelegateSubclass
2012/10/05 21:40:46 - NOTE : Saving via Eclipse genmocks.si.heartchecker.HeartLogDAODelegateSubclass
2012/10/05 21:40:46 - NOTE : Saving genmocks.si.heartchecker.HeartLogDAODelegateInterface
2012/10/05 21:40:46 - NOTE : Saving via Eclipse genmocks.si.heartchecker.HeartLogDAODelegateInterface
2012/10/05 21:40:46 - NOTE : Finished Processing Mocks
2012/10/05 21:40:46 - NOTE : Start Processing Annotations
2012/10/05 21:40:46 - NOTE : Processing []
2012/10/05 21:40:46 - NOTE : Found 0 classes to mock
2012/10/05 21:40:46 - NOTE : Found 0 mocked classes to save
2012/10/05 21:40:46 - NOTE : Finished Processing Mocks
2012/10/05 21:43:44 - NOTE : Start Processing Annotations
2012/10/05 21:43:44 - NOTE : Processing [public void testOnCreateInitialHeartCount0() throws java.lang.Exception]
2012/10/05 21:43:44 - NOTE : Adding Class to Mocking List: si.heartchecker.HeartLogDAO
2012/10/05 21:43:44 - NOTE : Found 1 classes to mock
2012/10/05 21:43:44 - NOTE : Creating mocks of class: si.heartchecker.HeartLogDAO
2012/10/05 21:43:44 - NOTE : Found 2 mocked classes to save
2012/10/05 21:43:44 - NOTE : Saving genmocks.si.heartchecker.HeartLogDAODelegateSubclass
2012/10/05 21:43:44 - NOTE : Saving via Eclipse genmocks.si.heartchecker.HeartLogDAODelegateSubclass
2012/10/05 21:43:44 - NOTE : Saving genmocks.si.heartchecker.HeartLogDAODelegateInterface
2012/10/05 21:43:44 - NOTE : Saving via Eclipse genmocks.si.heartchecker.HeartLogDAODelegateInterface
2012/10/05 21:43:44 - NOTE : Finished Processing Mocks
2012/10/05 21:43:44 - NOTE : Start Processing Annotations
2012/10/05 21:43:44 - NOTE : Processing []
2012/10/05 21:43:44 - NOTE : Found 0 classes to mock
2012/10/05 21:43:44 - NOTE : Found 0 mocked classes to save
2012/10/05 21:43:44 - NOTE : Finished Processing Mocks
2012/10/05 21:43:57 - NOTE : Start Processing Annotations
2012/10/05 21:43:57 - NOTE : Processing [public void testOnCreateInitialHeartCount0() throws java.lang.Exception]
2012/10/05 21:43:57 - NOTE : Adding Class to Mocking List: si.heartchecker.HeartLogDAO
2012/10/05 21:43:57 - NOTE : Found 1 classes to mock
2012/10/05 21:43:57 - NOTE : Creating mocks of class: si.heartchecker.HeartLogDAO
2012/10/05 21:43:57 - NOTE : Found 2 mocked classes to save
2012/10/05 21:43:57 - NOTE : Saving genmocks.si.heartchecker.HeartLogDAODelegateSubclass
2012/10/05 21:43:57 - NOTE : Saving via Eclipse genmocks.si.heartchecker.HeartLogDAODelegateSubclass
2012/10/05 21:43:57 - NOTE : Saving genmocks.si.heartchecker.HeartLogDAODelegateInterface
2012/10/05 21:43:57 - NOTE : Saving via Eclipse genmocks.si.heartchecker.HeartLogDAODelegateInterface
2012/10/05 21:43:57 - NOTE : Finished Processing Mocks
2012/10/05 21:43:57 - NOTE : Start Processing Annotations
2012/10/05 21:43:57 - NOTE : Processing []
2012/10/05 21:43:57 - NOTE : Found 0 classes to mock
2012/10/05 21:43:57 - NOTE : Found 0 mocked classes to save
2012/10/05 21:43:57 - NOTE : Finished Processing Mocks
2012/10/05 21:46:12 - NOTE : Start Processing Annotations
2012/10/05 21:46:12 - NOTE : Processing [public void testOnCreateInitialHeartCount0() throws java.lang.Exception]
2012/10/05 21:46:12 - NOTE : Adding Class to Mocking List: si.heartchecker.HeartLogDAO
2012/10/05 21:46:12 - NOTE : Found 1 classes to mock
2012/10/05 21:46:12 - NOTE : Creating mocks of class: si.heartchecker.HeartLogDAO
2012/10/05 21:46:12 - NOTE : Found 2 mocked classes to save
2012/10/05 21:46:12 - NOTE : Saving genmocks.si.heartchecker.HeartLogDAODelegateSubclass
2012/10/05 21:46:12 - NOTE : Saving via Eclipse genmocks.si.heartchecker.HeartLogDAODelegateSubclass
2012/10/05 21:46:12 - NOTE : Saving genmocks.si.heartchecker.HeartLogDAODelegateInterface
2012/10/05 21:46:12 - NOTE : Saving via Eclipse genmocks.si.heartchecker.HeartLogDAODelegateInterface
2012/10/05 21:46:12 - NOTE : Finished Processing Mocks
2012/10/05 21:46:12 - NOTE : Start Processing Annotations
2012/10/05 21:46:12 - NOTE : Processing []
2012/10/05 21:46:12 - NOTE : Found 0 classes to mock
2012/10/05 21:46:12 - NOTE : Found 0 mocked classes to save
2012/10/05 21:46:12 - NOTE : Finished Processing Mocks
2012/10/05 21:47:48 - NOTE : Start Processing Annotations
2012/10/05 21:47:48 - NOTE : Processing [public void testOnCreateInitialHeartCount0() throws java.lang.Exception]
2012/10/05 21:47:48 - NOTE : Adding Class to Mocking List: si.heartchecker.HeartLogDAO
2012/10/05 21:47:48 - NOTE : Found 1 classes to mock
2012/10/05 21:47:48 - NOTE : Creating mocks of class: si.heartchecker.HeartLogDAO
2012/10/05 21:47:48 - NOTE : Found 2 mocked classes to save
2012/10/05 21:47:48 - NOTE : Saving genmocks.si.heartchecker.HeartLogDAODelegateSubclass
2012/10/05 21:47:48 - NOTE : Saving via Eclipse genmocks.si.heartchecker.HeartLogDAODelegateSubclass
2012/10/05 21:47:48 - NOTE : Saving genmocks.si.heartchecker.HeartLogDAODelegateInterface
2012/10/05 21:47:48 - NOTE : Saving via Eclipse genmocks.si.heartchecker.HeartLogDAODelegateInterface
2012/10/05 21:47:48 - NOTE : Finished Processing Mocks
2012/10/05 21:47:48 - NOTE : Start Processing Annotations
2012/10/05 21:47:48 - NOTE : Processing []
2012/10/05 21:47:48 - NOTE : Found 0 classes to mock
2012/10/05 21:47:48 - NOTE : Found 0 mocked classes to save
2012/10/05 21:47:48 - NOTE : Finished Processing Mocks
2012/10/05 21:48:23 - NOTE : Start Processing Annotations
2012/10/05 21:48:23 - NOTE : Processing [public void testOnCreateInitialHeartCount0() throws java.lang.Exception]
2012/10/05 21:48:23 - NOTE : Adding Class to Mocking List: si.heartchecker.HeartLogDAO
2012/10/05 21:48:23 - NOTE : Found 1 classes to mock
2012/10/05 21:48:23 - NOTE : Creating mocks of class: si.heartchecker.HeartLogDAO
2012/10/05 21:48:23 - NOTE : Found 2 mocked classes to save
2012/10/05 21:48:23 - NOTE : Saving genmocks.si.heartchecker.HeartLogDAODelegateSubclass
2012/10/05 21:48:23 - NOTE : Saving via Eclipse genmocks.si.heartchecker.HeartLogDAODelegateSubclass
2012/10/05 21:48:23 - NOTE : Saving genmocks.si.heartchecker.HeartLogDAODelegateInterface
2012/10/05 21:48:23 - NOTE : Saving via Eclipse genmocks.si.heartchecker.HeartLogDAODelegateInterface
2012/10/05 21:48:23 - NOTE : Finished Processing Mocks
2012/10/05 21:48:23 - NOTE : Start Processing Annotations
2012/10/05 21:48:23 - NOTE : Processing []
2012/10/05 21:48:23 - NOTE : Found 0 classes to mock
2012/10/05 21:48:23 - NOTE : Found 0 mocked classes to save
2012/10/05 21:48:23 - NOTE : Finished Processing Mocks
2012/10/05 21:49:36 - NOTE : Start Processing Annotations
2012/10/05 21:49:36 - NOTE : Processing [public void testOnCreateInitialHeartCount0() throws java.lang.Exception]
2012/10/05 21:49:36 - NOTE : Adding Class to Mocking List: si.heartchecker.HeartLogDAO
2012/10/05 21:49:36 - NOTE : Found 1 classes to mock
2012/10/05 21:49:36 - NOTE : Creating mocks of class: si.heartchecker.HeartLogDAO
2012/10/05 21:49:36 - NOTE : Found 2 mocked classes to save
2012/10/05 21:49:36 - NOTE : Saving genmocks.si.heartchecker.HeartLogDAODelegateSubclass
2012/10/05 21:49:36 - NOTE : Saving via Eclipse genmocks.si.heartchecker.HeartLogDAODelegateSubclass
2012/10/05 21:49:36 - NOTE : Saving genmocks.si.heartchecker.HeartLogDAODelegateInterface
2012/10/05 21:49:36 - NOTE : Saving via Eclipse genmocks.si.heartchecker.HeartLogDAODelegateInterface
2012/10/05 21:49:36 - NOTE : Finished Processing Mocks
2012/10/05 21:49:36 - NOTE : Start Processing Annotations
2012/10/05 21:49:36 - NOTE : Processing []
2012/10/05 21:49:36 - NOTE : Found 0 classes to mock
2012/10/05 21:49:36 - NOTE : Found 0 mocked classes to save
2012/10/05 21:49:36 - NOTE : Finished Processing Mocks
2012/10/05 22:11:33 - NOTE : Start Processing Annotations
2012/10/05 22:11:33 - NOTE : Processing [public void testOnCreateInitialHeartCount0() throws java.lang.Exception]
2012/10/05 22:11:33 - NOTE : Adding Class to Mocking List: si.heartchecker.HeartLogDAO
2012/10/05 22:11:33 - NOTE : Found 1 classes to mock
2012/10/05 22:11:33 - NOTE : Creating mocks of class: si.heartchecker.HeartLogDAO
2012/10/05 22:11:33 - NOTE : Found 2 mocked classes to save
2012/10/05 22:11:33 - NOTE : Saving genmocks.si.heartchecker.HeartLogDAODelegateSubclass
2012/10/05 22:11:33 - NOTE : Saving via Eclipse genmocks.si.heartchecker.HeartLogDAODelegateSubclass
2012/10/05 22:11:33 - NOTE : Saving genmocks.si.heartchecker.HeartLogDAODelegateInterface
2012/10/05 22:11:33 - NOTE : Saving via Eclipse genmocks.si.heartchecker.HeartLogDAODelegateInterface
2012/10/05 22:11:33 - NOTE : Finished Processing Mocks
2012/10/05 22:11:33 - NOTE : Start Processing Annotations
2012/10/05 22:11:33 - NOTE : Processing []
2012/10/05 22:11:33 - NOTE : Found 0 classes to mock
2012/10/05 22:11:33 - NOTE : Found 0 mocked classes to save
2012/10/05 22:11:33 - NOTE : Finished Processing Mocks
2012/10/05 22:12:25 - NOTE : Start Processing Annotations
2012/10/05 22:12:25 - NOTE : Processing [public void testOnCreateInitialHeartCount0() throws java.lang.Exception]
2012/10/05 22:12:25 - NOTE : Adding Class to Mocking List: si.heartchecker.HeartLogDAO
2012/10/05 22:12:25 - NOTE : Found 1 classes to mock
2012/10/05 22:12:25 - NOTE : Creating mocks of class: si.heartchecker.HeartLogDAO
2012/10/05 22:12:25 - NOTE : Found 2 mocked classes to save
2012/10/05 22:12:25 - NOTE : Saving genmocks.si.heartchecker.HeartLogDAODelegateSubclass
2012/10/05 22:12:25 - NOTE : Saving via Eclipse genmocks.si.heartchecker.HeartLogDAODelegateSubclass
2012/10/05 22:12:25 - NOTE : Saving genmocks.si.heartchecker.HeartLogDAODelegateInterface
2012/10/05 22:12:25 - NOTE : Saving via Eclipse genmocks.si.heartchecker.HeartLogDAODelegateInterface
2012/10/05 22:12:25 - NOTE : Finished Processing Mocks
2012/10/05 22:12:25 - NOTE : Start Processing Annotations
2012/10/05 22:12:25 - NOTE : Processing []
2012/10/05 22:12:25 - NOTE : Found 0 classes to mock
2012/10/05 22:12:25 - NOTE : Found 0 mocked classes to save
2012/10/05 22:12:25 - NOTE : Finished Processing Mocks
2012/10/05 22:12:41 - NOTE : Start Processing Annotations
2012/10/05 22:12:41 - NOTE : Processing [public void testOnCreateInitialHeartCount0() throws java.lang.Exception]
2012/10/05 22:12:41 - NOTE : Adding Class to Mocking List: si.heartchecker.HeartLogDAO
2012/10/05 22:12:41 - NOTE : Found 1 classes to mock
2012/10/05 22:12:41 - NOTE : Creating mocks of class: si.heartchecker.HeartLogDAO
2012/10/05 22:12:41 - NOTE : Found 2 mocked classes to save
2012/10/05 22:12:41 - NOTE : Saving genmocks.si.heartchecker.HeartLogDAODelegateSubclass
2012/10/05 22:12:41 - NOTE : Saving via Eclipse genmocks.si.heartchecker.HeartLogDAODelegateSubclass
2012/10/05 22:12:41 - NOTE : Saving genmocks.si.heartchecker.HeartLogDAODelegateInterface
2012/10/05 22:12:41 - NOTE : Saving via Eclipse genmocks.si.heartchecker.HeartLogDAODelegateInterface
2012/10/05 22:12:41 - NOTE : Finished Processing Mocks
2012/10/05 22:12:41 - NOTE : Start Processing Annotations
2012/10/05 22:12:41 - NOTE : Processing []
2012/10/05 22:12:41 - NOTE : Found 0 classes to mock
2012/10/05 22:12:41 - NOTE : Found 0 mocked classes to save
2012/10/05 22:12:41 - NOTE : Finished Processing Mocks
2012/10/05 22:14:42 - NOTE : Start Processing Annotations
2012/10/05 22:14:42 - NOTE : Processing [public void testOnCreateInitialHeartCount0() throws java.lang.Exception]
2012/10/05 22:14:42 - NOTE : Adding Class to Mocking List: si.heartchecker.HeartLogDAO
2012/10/05 22:14:42 - NOTE : Found 1 classes to mock
2012/10/05 22:14:42 - NOTE : Creating mocks of class: si.heartchecker.HeartLogDAO
2012/10/05 22:14:42 - NOTE : Found 2 mocked classes to save
2012/10/05 22:14:42 - NOTE : Saving genmocks.si.heartchecker.HeartLogDAODelegateSubclass
2012/10/05 22:14:42 - NOTE : Saving via Eclipse genmocks.si.heartchecker.HeartLogDAODelegateSubclass
2012/10/05 22:14:42 - NOTE : Saving genmocks.si.heartchecker.HeartLogDAODelegateInterface
2012/10/05 22:14:42 - NOTE : Saving via Eclipse genmocks.si.heartchecker.HeartLogDAODelegateInterface
2012/10/05 22:14:42 - NOTE : Finished Processing Mocks
2012/10/05 22:14:42 - NOTE : Start Processing Annotations
2012/10/05 22:14:42 - NOTE : Processing []
2012/10/05 22:14:42 - NOTE : Found 0 classes to mock
2012/10/05 22:14:42 - NOTE : Found 0 mocked classes to save
2012/10/05 22:14:42 - NOTE : Finished Processing Mocks
2012/10/05 22:14:52 - NOTE : Start Processing Annotations
2012/10/05 22:14:52 - NOTE : Processing [public void testOnCreateInitialHeartCount0() throws java.lang.Exception]
2012/10/05 22:14:52 - NOTE : Adding Class to Mocking List: si.heartchecker.HeartLogDAO
2012/10/05 22:14:52 - NOTE : Found 1 classes to mock
2012/10/05 22:14:52 - NOTE : Creating mocks of class: si.heartchecker.HeartLogDAO
2012/10/05 22:14:52 - NOTE : Found 2 mocked classes to save
2012/10/05 22:14:52 - NOTE : Saving genmocks.si.heartchecker.HeartLogDAODelegateSubclass
2012/10/05 22:14:52 - NOTE : Saving via Eclipse genmocks.si.heartchecker.HeartLogDAODelegateSubclass
2012/10/05 22:14:52 - NOTE : Saving genmocks.si.heartchecker.HeartLogDAODelegateInterface
2012/10/05 22:14:52 - NOTE : Saving via Eclipse genmocks.si.heartchecker.HeartLogDAODelegateInterface
2012/10/05 22:14:52 - NOTE : Finished Processing Mocks
2012/10/05 22:14:52 - NOTE : Start Processing Annotations
2012/10/05 22:14:52 - NOTE : Processing []
2012/10/05 22:14:52 - NOTE : Found 0 classes to mock
2012/10/05 22:14:52 - NOTE : Found 0 mocked classes to save
2012/10/05 22:14:52 - NOTE : Finished Processing Mocks
2012/10/05 22:16:13 - NOTE : Start Processing Annotations
2012/10/05 22:16:13 - NOTE : Processing [public void testOnCreateInitialHeartCount0() throws java.lang.Exception]
2012/10/05 22:16:13 - NOTE : Adding Class to Mocking List: si.heartchecker.HeartLogDAO
2012/10/05 22:16:13 - NOTE : Found 1 classes to mock
2012/10/05 22:16:13 - NOTE : Creating mocks of class: si.heartchecker.HeartLogDAO
2012/10/05 22:16:13 - NOTE : Found 2 mocked classes to save
2012/10/05 22:16:13 - NOTE : Saving genmocks.si.heartchecker.HeartLogDAODelegateSubclass
2012/10/05 22:16:13 - NOTE : Saving via Eclipse genmocks.si.heartchecker.HeartLogDAODelegateSubclass
2012/10/05 22:16:13 - NOTE : Saving genmocks.si.heartchecker.HeartLogDAODelegateInterface
2012/10/05 22:16:13 - NOTE : Saving via Eclipse genmocks.si.heartchecker.HeartLogDAODelegateInterface
2012/10/05 22:16:13 - NOTE : Finished Processing Mocks
2012/10/05 22:16:13 - NOTE : Start Processing Annotations
2012/10/05 22:16:13 - NOTE : Processing []
2012/10/05 22:16:13 - NOTE : Found 0 classes to mock
2012/10/05 22:16:13 - NOTE : Found 0 mocked classes to save
2012/10/05 22:16:13 - NOTE : Finished Processing Mocks
2012/10/05 22:18:48 - NOTE : Start Processing Annotations
2012/10/05 22:18:48 - NOTE : Processing [public void testOnCreateInitialHeartCount0() throws java.lang.Exception]
2012/10/05 22:18:48 - NOTE : Adding Class to Mocking List: si.heartchecker.HeartLogDAO
2012/10/05 22:18:48 - NOTE : Found 1 classes to mock
2012/10/05 22:18:48 - NOTE : Creating mocks of class: si.heartchecker.HeartLogDAO
2012/10/05 22:18:48 - NOTE : Found 2 mocked classes to save
2012/10/05 22:18:48 - NOTE : Saving genmocks.si.heartchecker.HeartLogDAODelegateSubclass
2012/10/05 22:18:48 - NOTE : Saving via Eclipse genmocks.si.heartchecker.HeartLogDAODelegateSubclass
2012/10/05 22:18:48 - NOTE : Saving genmocks.si.heartchecker.HeartLogDAODelegateInterface
2012/10/05 22:18:48 - NOTE : Saving via Eclipse genmocks.si.heartchecker.HeartLogDAODelegateInterface
2012/10/05 22:18:48 - NOTE : Finished Processing Mocks
2012/10/05 22:18:48 - NOTE : Start Processing Annotations
2012/10/05 22:18:48 - NOTE : Processing []
2012/10/05 22:18:48 - NOTE : Found 0 classes to mock
2012/10/05 22:18:48 - NOTE : Found 0 mocked classes to save
2012/10/05 22:18:48 - NOTE : Finished Processing Mocks
2012/10/05 22:19:37 - NOTE : Start Processing Annotations
2012/10/05 22:19:37 - NOTE : Processing [public void testOnCreateInitialHeartCount0() throws java.lang.Exception]
2012/10/05 22:19:37 - NOTE : Adding Class to Mocking List: si.heartchecker.HeartLogDAO
2012/10/05 22:19:37 - NOTE : Found 1 classes to mock
2012/10/05 22:19:37 - NOTE : Creating mocks of class: si.heartchecker.HeartLogDAO
2012/10/05 22:19:37 - NOTE : Found 2 mocked classes to save
2012/10/05 22:19:37 - NOTE : Saving genmocks.si.heartchecker.HeartLogDAODelegateSubclass
2012/10/05 22:19:37 - NOTE : Saving via Eclipse genmocks.si.heartchecker.HeartLogDAODelegateSubclass
2012/10/05 22:19:37 - NOTE : Saving genmocks.si.heartchecker.HeartLogDAODelegateInterface
2012/10/05 22:19:37 - NOTE : Saving via Eclipse genmocks.si.heartchecker.HeartLogDAODelegateInterface
2012/10/05 22:19:37 - NOTE : Finished Processing Mocks
2012/10/05 22:19:37 - NOTE : Start Processing Annotations
2012/10/05 22:19:37 - NOTE : Processing []
2012/10/05 22:19:37 - NOTE : Found 0 classes to mock
2012/10/05 22:19:37 - NOTE : Found 0 mocked classes to save
2012/10/05 22:19:37 - NOTE : Finished Processing Mocks
2012/10/05 22:21:09 - NOTE : Start Processing Annotations
2012/10/05 22:21:09 - NOTE : Processing [public void testOnCreateInitialHeartCount0() throws java.lang.Exception]
2012/10/05 22:21:09 - NOTE : Adding Class to Mocking List: si.heartchecker.HeartLogDAO
2012/10/05 22:21:09 - NOTE : Found 1 classes to mock
2012/10/05 22:21:09 - NOTE : Creating mocks of class: si.heartchecker.HeartLogDAO
2012/10/05 22:21:09 - NOTE : Found 2 mocked classes to save
2012/10/05 22:21:09 - NOTE : Saving genmocks.si.heartchecker.HeartLogDAODelegateSubclass
2012/10/05 22:21:09 - NOTE : Saving via Eclipse genmocks.si.heartchecker.HeartLogDAODelegateSubclass
2012/10/05 22:21:09 - NOTE : Saving genmocks.si.heartchecker.HeartLogDAODelegateInterface
2012/10/05 22:21:09 - NOTE : Saving via Eclipse genmocks.si.heartchecker.HeartLogDAODelegateInterface
2012/10/05 22:21:09 - NOTE : Finished Processing Mocks
2012/10/05 22:21:09 - NOTE : Start Processing Annotations
2012/10/05 22:21:09 - NOTE : Processing []
2012/10/05 22:21:09 - NOTE : Found 0 classes to mock
2012/10/05 22:21:09 - NOTE : Found 0 mocked classes to save
2012/10/05 22:21:09 - NOTE : Finished Processing Mocks
2012/10/05 22:25:08 - NOTE : Start Processing Annotations
2012/10/05 22:25:08 - NOTE : Processing [public void testOnCreateInitialHeartCount0() throws java.lang.Exception]
2012/10/05 22:25:08 - NOTE : Adding Class to Mocking List: si.heartchecker.HeartLogDAO
2012/10/05 22:25:08 - NOTE : Found 1 classes to mock
2012/10/05 22:25:08 - NOTE : Creating mocks of class: si.heartchecker.HeartLogDAO
2012/10/05 22:25:08 - NOTE : Found 2 mocked classes to save
2012/10/05 22:25:08 - NOTE : Saving genmocks.si.heartchecker.HeartLogDAODelegateSubclass
2012/10/05 22:25:08 - NOTE : Saving via Eclipse genmocks.si.heartchecker.HeartLogDAODelegateSubclass
2012/10/05 22:25:08 - NOTE : Saving genmocks.si.heartchecker.HeartLogDAODelegateInterface
2012/10/05 22:25:08 - NOTE : Saving via Eclipse genmocks.si.heartchecker.HeartLogDAODelegateInterface
2012/10/05 22:25:08 - NOTE : Finished Processing Mocks
2012/10/05 22:25:08 - NOTE : Start Processing Annotations
2012/10/05 22:25:08 - NOTE : Processing []
2012/10/05 22:25:08 - NOTE : Found 0 classes to mock
2012/10/05 22:25:08 - NOTE : Found 0 mocked classes to save
2012/10/05 22:25:08 - NOTE : Finished Processing Mocks
2012/10/05 22:25:41 - NOTE : Start Processing Annotations
2012/10/05 22:25:41 - NOTE : Processing [public void testOnCreateInitialHeartCount0() throws java.lang.Exception]
2012/10/05 22:25:41 - NOTE : Adding Class to Mocking List: si.heartchecker.HeartLogDAO
2012/10/05 22:25:41 - NOTE : Found 1 classes to mock
2012/10/05 22:25:41 - NOTE : Creating mocks of class: si.heartchecker.HeartLogDAO
2012/10/05 22:25:41 - NOTE : Found 2 mocked classes to save
2012/10/05 22:25:41 - NOTE : Saving genmocks.si.heartchecker.HeartLogDAODelegateSubclass
2012/10/05 22:25:41 - NOTE : Saving via Eclipse genmocks.si.heartchecker.HeartLogDAODelegateSubclass
2012/10/05 22:25:41 - NOTE : Saving genmocks.si.heartchecker.HeartLogDAODelegateInterface
2012/10/05 22:25:41 - NOTE : Saving via Eclipse genmocks.si.heartchecker.HeartLogDAODelegateInterface
2012/10/05 22:25:41 - NOTE : Finished Processing Mocks
2012/10/05 22:25:41 - NOTE : Start Processing Annotations
2012/10/05 22:25:41 - NOTE : Processing []
2012/10/05 22:25:41 - NOTE : Found 0 classes to mock
2012/10/05 22:25:41 - NOTE : Found 0 mocked classes to save
2012/10/05 22:25:41 - NOTE : Finished Processing Mocks
2012/10/05 22:26:45 - NOTE : Start Processing Annotations
2012/10/05 22:26:45 - NOTE : Processing [public void testOnCreateInitialHeartCount0() throws java.lang.Exception]
2012/10/05 22:26:45 - NOTE : Adding Class to Mocking List: si.heartchecker.HeartLogDAO
2012/10/05 22:26:45 - NOTE : Found 1 classes to mock
2012/10/05 22:26:45 - NOTE : Creating mocks of class: si.heartchecker.HeartLogDAO
2012/10/05 22:26:45 - NOTE : Found 2 mocked classes to save
2012/10/05 22:26:45 - NOTE : Saving genmocks.si.heartchecker.HeartLogDAODelegateSubclass
2012/10/05 22:26:45 - NOTE : Saving via Eclipse genmocks.si.heartchecker.HeartLogDAODelegateSubclass
2012/10/05 22:26:45 - NOTE : Saving genmocks.si.heartchecker.HeartLogDAODelegateInterface
2012/10/05 22:26:45 - NOTE : Saving via Eclipse genmocks.si.heartchecker.HeartLogDAODelegateInterface
2012/10/05 22:26:45 - NOTE : Finished Processing Mocks
2012/10/05 22:26:45 - NOTE : Start Processing Annotations
2012/10/05 22:26:45 - NOTE : Processing []
2012/10/05 22:26:45 - NOTE : Found 0 classes to mock
2012/10/05 22:26:45 - NOTE : Found 0 mocked classes to save
2012/10/05 22:26:45 - NOTE : Finished Processing Mocks
2012/10/05 22:27:38 - NOTE : Start Processing Annotations
2012/10/05 22:27:38 - NOTE : Processing [public void testOnCreateInitialHeartCount0() throws java.lang.Exception]
2012/10/05 22:27:38 - NOTE : Adding Class to Mocking List: si.heartchecker.HeartLogDAO
2012/10/05 22:27:38 - NOTE : Found 1 classes to mock
2012/10/05 22:27:38 - NOTE : Creating mocks of class: si.heartchecker.HeartLogDAO
2012/10/05 22:27:38 - NOTE : Found 2 mocked classes to save
2012/10/05 22:27:38 - NOTE : Saving genmocks.si.heartchecker.HeartLogDAODelegateSubclass
2012/10/05 22:27:38 - NOTE : Saving via Eclipse genmocks.si.heartchecker.HeartLogDAODelegateSubclass
2012/10/05 22:27:38 - NOTE : Saving genmocks.si.heartchecker.HeartLogDAODelegateInterface
2012/10/05 22:27:38 - NOTE : Saving via Eclipse genmocks.si.heartchecker.HeartLogDAODelegateInterface
2012/10/05 22:27:38 - NOTE : Finished Processing Mocks
2012/10/05 22:27:38 - NOTE : Start Processing Annotations
2012/10/05 22:27:38 - NOTE : Processing []
2012/10/05 22:27:38 - NOTE : Found 0 classes to mock
2012/10/05 22:27:38 - NOTE : Found 0 mocked classes to save
2012/10/05 22:27:38 - NOTE : Finished Processing Mocks
2012/10/05 22:30:59 - NOTE : Start Processing Annotations
2012/10/05 22:30:59 - NOTE : Processing [public void testOnCreateInitialHeartCount0() throws java.lang.Exception]
2012/10/05 22:30:59 - NOTE : Adding Class to Mocking List: si.heartchecker.HeartLogDAO
2012/10/05 22:30:59 - NOTE : Found 1 classes to mock
2012/10/05 22:30:59 - NOTE : Creating mocks of class: si.heartchecker.HeartLogDAO
2012/10/05 22:30:59 - NOTE : Found 2 mocked classes to save
2012/10/05 22:30:59 - NOTE : Saving genmocks.si.heartchecker.HeartLogDAODelegateSubclass
2012/10/05 22:30:59 - NOTE : Saving via Eclipse genmocks.si.heartchecker.HeartLogDAODelegateSubclass
2012/10/05 22:30:59 - NOTE : Saving genmocks.si.heartchecker.HeartLogDAODelegateInterface
2012/10/05 22:30:59 - NOTE : Saving via Eclipse genmocks.si.heartchecker.HeartLogDAODelegateInterface
2012/10/05 22:30:59 - NOTE : Finished Processing Mocks
2012/10/05 22:30:59 - NOTE : Start Processing Annotations
2012/10/05 22:30:59 - NOTE : Processing []
2012/10/05 22:30:59 - NOTE : Found 0 classes to mock
2012/10/05 22:30:59 - NOTE : Found 0 mocked classes to save
2012/10/05 22:30:59 - NOTE : Finished Processing Mocks
2012/10/05 22:32:17 - NOTE : Start Processing Annotations
2012/10/05 22:32:17 - NOTE : Processing [public void testOnCreateInitialHeartCount0() throws java.lang.Exception]
2012/10/05 22:32:17 - NOTE : Adding Class to Mocking List: si.heartchecker.HeartLogDAO
2012/10/05 22:32:17 - NOTE : Found 1 classes to mock
2012/10/05 22:32:17 - NOTE : Creating mocks of class: si.heartchecker.HeartLogDAO
2012/10/05 22:32:17 - NOTE : Found 2 mocked classes to save
2012/10/05 22:32:17 - NOTE : Saving genmocks.si.heartchecker.HeartLogDAODelegateSubclass
2012/10/05 22:32:17 - NOTE : Saving via Eclipse genmocks.si.heartchecker.HeartLogDAODelegateSubclass
2012/10/05 22:32:17 - NOTE : Saving genmocks.si.heartchecker.HeartLogDAODelegateInterface
2012/10/05 22:32:17 - NOTE : Saving via Eclipse genmocks.si.heartchecker.HeartLogDAODelegateInterface
2012/10/05 22:32:17 - NOTE : Finished Processing Mocks
2012/10/05 22:32:17 - NOTE : Start Processing Annotations
2012/10/05 22:32:17 - NOTE : Processing []
2012/10/05 22:32:17 - NOTE : Found 0 classes to mock
2012/10/05 22:32:17 - NOTE : Found 0 mocked classes to save
2012/10/05 22:32:17 - NOTE : Finished Processing Mocks
2012/10/05 22:48:05 - NOTE : Start Processing Annotations
2012/10/05 22:48:05 - NOTE : Processing [public void testOnCreateInitialHeartCount0() throws java.lang.Exception]
2012/10/05 22:48:05 - NOTE : Adding Class to Mocking List: si.heartchecker.HeartLogDAO
2012/10/05 22:48:05 - NOTE : Found 1 classes to mock
2012/10/05 22:48:05 - NOTE : Creating mocks of class: si.heartchecker.HeartLogDAO
2012/10/05 22:48:05 - NOTE : Found 2 mocked classes to save
2012/10/05 22:48:05 - NOTE : Saving genmocks.si.heartchecker.HeartLogDAODelegateSubclass
2012/10/05 22:48:05 - NOTE : Saving via Eclipse genmocks.si.heartchecker.HeartLogDAODelegateSubclass
2012/10/05 22:48:05 - NOTE : Saving genmocks.si.heartchecker.HeartLogDAODelegateInterface
2012/10/05 22:48:05 - NOTE : Saving via Eclipse genmocks.si.heartchecker.HeartLogDAODelegateInterface
2012/10/05 22:48:05 - NOTE : Finished Processing Mocks
2012/10/05 22:48:05 - NOTE : Start Processing Annotations
2012/10/05 22:48:05 - NOTE : Processing []
2012/10/05 22:48:05 - NOTE : Found 0 classes to mock
2012/10/05 22:48:05 - NOTE : Found 0 mocked classes to save
2012/10/05 22:48:05 - NOTE : Finished Processing Mocks
2012/10/05 22:55:00 - NOTE : Start Processing Annotations
2012/10/05 22:55:00 - NOTE : Processing [public void testOnCreateInitialHeartCount0() throws java.lang.Exception]
2012/10/05 22:55:00 - NOTE : Adding Class to Mocking List: si.heartchecker.HeartLogDAO
2012/10/05 22:55:00 - NOTE : Found 1 classes to mock
2012/10/05 22:55:00 - NOTE : Creating mocks of class: si.heartchecker.HeartLogDAO
2012/10/05 22:55:00 - NOTE : Found 2 mocked classes to save
2012/10/05 22:55:00 - NOTE : Saving genmocks.si.heartchecker.HeartLogDAODelegateSubclass
2012/10/05 22:55:00 - NOTE : Saving via Eclipse genmocks.si.heartchecker.HeartLogDAODelegateSubclass
2012/10/05 22:55:00 - NOTE : Saving genmocks.si.heartchecker.HeartLogDAODelegateInterface
2012/10/05 22:55:00 - NOTE : Saving via Eclipse genmocks.si.heartchecker.HeartLogDAODelegateInterface
2012/10/05 22:55:00 - NOTE : Finished Processing Mocks
2012/10/05 22:55:00 - NOTE : Start Processing Annotations
2012/10/05 22:55:00 - NOTE : Processing []
2012/10/05 22:55:00 - NOTE : Found 0 classes to mock
2012/10/05 22:55:00 - NOTE : Found 0 mocked classes to save
2012/10/05 22:55:00 - NOTE : Finished Processing Mocks
2012/10/05 23:11:37 - NOTE : Start Processing Annotations
2012/10/05 23:11:37 - NOTE : Processing [public void testOnCreateInitialHeartCount0() throws java.lang.Exception]
2012/10/05 23:11:37 - NOTE : Adding Class to Mocking List: si.heartchecker.HeartLogDAO
2012/10/05 23:11:37 - NOTE : Found 1 classes to mock
2012/10/05 23:11:37 - NOTE : Creating mocks of class: si.heartchecker.HeartLogDAO
2012/10/05 23:11:37 - NOTE : Found 2 mocked classes to save
2012/10/05 23:11:37 - NOTE : Saving genmocks.si.heartchecker.HeartLogDAODelegateSubclass
2012/10/05 23:11:37 - NOTE : Saving via Eclipse genmocks.si.heartchecker.HeartLogDAODelegateSubclass
2012/10/05 23:11:37 - NOTE : Saving genmocks.si.heartchecker.HeartLogDAODelegateInterface
2012/10/05 23:11:37 - NOTE : Saving via Eclipse genmocks.si.heartchecker.HeartLogDAODelegateInterface
2012/10/05 23:11:37 - NOTE : Finished Processing Mocks
2012/10/05 23:11:37 - NOTE : Start Processing Annotations
2012/10/05 23:11:37 - NOTE : Processing []
2012/10/05 23:11:37 - NOTE : Found 0 classes to mock
2012/10/05 23:11:37 - NOTE : Found 0 mocked classes to save
2012/10/05 23:11:37 - NOTE : Finished Processing Mocks
2012/10/05 23:11:54 - NOTE : Start Processing Annotations
2012/10/05 23:11:54 - NOTE : Processing [public void testOnCreateInitialHeartCount0() throws java.lang.Exception]
2012/10/05 23:11:54 - NOTE : Adding Class to Mocking List: si.heartchecker.HeartLogDAO
2012/10/05 23:11:54 - NOTE : Found 1 classes to mock
2012/10/05 23:11:54 - NOTE : Creating mocks of class: si.heartchecker.HeartLogDAO
2012/10/05 23:11:54 - NOTE : Found 2 mocked classes to save
2012/10/05 23:11:54 - NOTE : Saving genmocks.si.heartchecker.HeartLogDAODelegateSubclass
2012/10/05 23:11:54 - NOTE : Saving via Eclipse genmocks.si.heartchecker.HeartLogDAODelegateSubclass
2012/10/05 23:11:54 - NOTE : Saving genmocks.si.heartchecker.HeartLogDAODelegateInterface
2012/10/05 23:11:54 - NOTE : Saving via Eclipse genmocks.si.heartchecker.HeartLogDAODelegateInterface
2012/10/05 23:11:54 - NOTE : Finished Processing Mocks
2012/10/05 23:11:54 - NOTE : Start Processing Annotations
2012/10/05 23:11:54 - NOTE : Processing []
2012/10/05 23:11:54 - NOTE : Found 0 classes to mock
2012/10/05 23:11:54 - NOTE : Found 0 mocked classes to save
2012/10/05 23:11:54 - NOTE : Finished Processing Mocks
2012/10/05 23:12:40 - NOTE : Start Processing Annotations
2012/10/05 23:12:40 - NOTE : Processing [public void testOnCreateInitialHeartCount0() throws java.lang.Exception]
2012/10/05 23:12:40 - NOTE : Adding Class to Mocking List: si.heartchecker.HeartLogDAO
2012/10/05 23:12:40 - NOTE : Found 1 classes to mock
2012/10/05 23:12:40 - NOTE : Creating mocks of class: si.heartchecker.HeartLogDAO
2012/10/05 23:12:40 - NOTE : Found 2 mocked classes to save
2012/10/05 23:12:40 - NOTE : Saving genmocks.si.heartchecker.HeartLogDAODelegateSubclass
2012/10/05 23:12:40 - NOTE : Saving via Eclipse genmocks.si.heartchecker.HeartLogDAODelegateSubclass
2012/10/05 23:12:40 - NOTE : Saving genmocks.si.heartchecker.HeartLogDAODelegateInterface
2012/10/05 23:12:40 - NOTE : Saving via Eclipse genmocks.si.heartchecker.HeartLogDAODelegateInterface
2012/10/05 23:12:40 - NOTE : Finished Processing Mocks
2012/10/05 23:12:40 - NOTE : Start Processing Annotations
2012/10/05 23:12:40 - NOTE : Processing []
2012/10/05 23:12:40 - NOTE : Found 0 classes to mock
2012/10/05 23:12:40 - NOTE : Found 0 mocked classes to save
2012/10/05 23:12:40 - NOTE : Finished Processing Mocks
2012/10/05 23:14:30 - NOTE : Start Processing Annotations
2012/10/05 23:14:30 - NOTE : Processing [public void testOnCreateInitialHeartCount0() throws java.lang.Exception]
2012/10/05 23:14:30 - NOTE : Adding Class to Mocking List: si.heartchecker.HeartLogDAO
2012/10/05 23:14:30 - NOTE : Found 1 classes to mock
2012/10/05 23:14:30 - NOTE : Creating mocks of class: si.heartchecker.HeartLogDAO
2012/10/05 23:14:30 - NOTE : Found 2 mocked classes to save
2012/10/05 23:14:30 - NOTE : Saving genmocks.si.heartchecker.HeartLogDAODelegateSubclass
2012/10/05 23:14:30 - NOTE : Saving via Eclipse genmocks.si.heartchecker.HeartLogDAODelegateSubclass
2012/10/05 23:14:30 - NOTE : Saving genmocks.si.heartchecker.HeartLogDAODelegateInterface
2012/10/05 23:14:30 - NOTE : Saving via Eclipse genmocks.si.heartchecker.HeartLogDAODelegateInterface
2012/10/05 23:14:30 - NOTE : Finished Processing Mocks
2012/10/05 23:14:30 - NOTE : Start Processing Annotations
2012/10/05 23:14:30 - NOTE : Processing []
2012/10/05 23:14:30 - NOTE : Found 0 classes to mock
2012/10/05 23:14:30 - NOTE : Found 0 mocked classes to save
2012/10/05 23:14:31 - NOTE : Finished Processing Mocks
